2023-09-14 12:12:25.310 [main] DEBUG io.netty.util.internal.logging.InternalLoggerFactory - Using Log4J2 as the default logging framework
2023-09-14 12:12:25.319 [main] DEBUG io.netty.util.ResourceLeakDetector - -Dio.netty.leakDetection.level: simple
2023-09-14 12:12:25.319 [main] DEBUG io.netty.util.ResourceLeakDetector - -Dio.netty.leakDetection.targetRecords: 4
2023-09-14 12:12:25.323 [main] DEBUG io.netty.util.ResourceLeakDetectorFactory - Loaded default ResourceLeakDetector: io.netty.util.ResourceLeakDetector@16e7b402
2023-09-14 12:12:25.340 [main] DEBUG io.netty.util.internal.PlatformDependent0 - -Dio.netty.noUnsafe: false
2023-09-14 12:12:25.340 [main] DEBUG io.netty.util.internal.PlatformDependent0 - Java version: 17
2023-09-14 12:12:25.342 [main] DEBUG io.netty.util.internal.PlatformDependent0 - sun.misc.Unsafe.theUnsafe: available
2023-09-14 12:12:25.342 [main] DEBUG io.netty.util.internal.PlatformDependent0 - sun.misc.Unsafe.copyMemory: available
2023-09-14 12:12:25.342 [main] DEBUG io.netty.util.internal.PlatformDependent0 - sun.misc.Unsafe.storeFence: available
2023-09-14 12:12:25.343 [main] DEBUG io.netty.util.internal.PlatformDependent0 - java.nio.Buffer.address: available
2023-09-14 12:12:25.343 [main] DEBUG io.netty.util.internal.PlatformDependent0 - direct buffer constructor: unavailable: Reflective setAccessible(true) disabled
2023-09-14 12:12:25.344 [main] DEBUG io.netty.util.internal.PlatformDependent0 - java.nio.Bits.unaligned: available, true
2023-09-14 12:12:25.344 [main] DEBUG io.netty.util.internal.PlatformDependent0 - jdk.internal.misc.Unsafe.allocateUninitializedArray(int): unavailable: class io.netty.util.internal.PlatformDependent0$7 cannot access class jdk.internal.misc.Unsafe (in module java.base) because module java.base does not export jdk.internal.misc to unnamed module @66480dd7
2023-09-14 12:12:25.345 [main] DEBUG io.netty.util.internal.PlatformDependent0 - java.nio.DirectByteBuffer.<init>(long, int): unavailable
2023-09-14 12:12:25.345 [main] DEBUG io.netty.util.internal.PlatformDependent - sun.misc.Unsafe: available
2023-09-14 12:12:25.346 [main] DEBUG io.netty.util.internal.PlatformDependent - maxDirectMemory: 8510242816 bytes (maybe)
2023-09-14 12:12:25.346 [main] DEBUG io.netty.util.internal.PlatformDependent - -Dio.netty.tmpdir: C:\Users\PRASHA~1.KAT\AppData\Local\Temp (java.io.tmpdir)
2023-09-14 12:12:25.346 [main] DEBUG io.netty.util.internal.PlatformDependent - -Dio.netty.bitMode: 64 (sun.arch.data.model)
2023-09-14 12:12:25.346 [main] DEBUG io.netty.util.internal.PlatformDependent - Platform: Windows
2023-09-14 12:12:25.347 [main] DEBUG io.netty.util.internal.PlatformDependent - -Dio.netty.maxDirectMemory: -1 bytes
2023-09-14 12:12:25.347 [main] DEBUG io.netty.util.internal.PlatformDependent - -Dio.netty.uninitializedArrayAllocationThreshold: -1
2023-09-14 12:12:25.347 [main] DEBUG io.netty.util.internal.CleanerJava9 - java.nio.ByteBuffer.cleaner(): available
2023-09-14 12:12:25.348 [main] DEBUG io.netty.util.internal.PlatformDependent - -Dio.netty.noPreferDirect: false
2023-09-14 12:12:25.354 [main] DEBUG io.netty.util.internal.PlatformDependent - org.jctools-core.MpscChunkedArrayQueue: available
2023-09-14 12:12:25.366 [main] DEBUG io.netty.util.internal.InternalThreadLocalMap - -Dio.netty.threadLocalMap.stringBuilder.initialSize: 1024
2023-09-14 12:12:25.367 [main] DEBUG io.netty.util.internal.InternalThreadLocalMap - -Dio.netty.threadLocalMap.stringBuilder.maxSize: 4096
2023-09-14 12:12:25.376 [main] DEBUG io.netty.handler.ssl.JdkSslContext - Default protocols (JDK): [TLSv1.3, TLSv1.2] 
2023-09-14 12:12:25.376 [main] DEBUG io.netty.handler.ssl.JdkSslContext - Default cipher suites (JDK): [TLS_ECDHE_ECDSA_WITH_AES_256_GCM_SHA384, TLS_ECDHE_ECDSA_WITH_AES_128_GCM_SHA256, TLS_ECDHE_RSA_WITH_AES_128_GCM_SHA256, TLS_ECDHE_RSA_WITH_AES_256_GCM_SHA384, TLS_ECDHE_RSA_WITH_AES_128_CBC_SHA, TLS_ECDHE_RSA_WITH_AES_256_CBC_SHA, TLS_RSA_WITH_AES_128_GCM_SHA256, TLS_RSA_WITH_AES_128_CBC_SHA, TLS_RSA_WITH_AES_256_CBC_SHA, TLS_AES_128_GCM_SHA256, TLS_AES_256_GCM_SHA384]
2023-09-14 12:12:25.386 [main] DEBUG io.netty.util.concurrent.GlobalEventExecutor - -Dio.netty.globalEventExecutor.quietPeriodSeconds: 1
2023-09-14 12:12:25.398 [main] DEBUG io.netty.channel.MultithreadEventLoopGroup - -Dio.netty.eventLoopThreads: 16
2023-09-14 12:12:25.407 [main] DEBUG io.netty.channel.nio.NioEventLoop - -Dio.netty.noKeySetOptimization: false
2023-09-14 12:12:25.407 [main] DEBUG io.netty.channel.nio.NioEventLoop - -Dio.netty.selectorAutoRebuildThreshold: 512
2023-09-14 12:12:25.476 [main] DEBUG io.netty.buffer.PooledByteBufAllocator - -Dio.netty.allocator.numHeapArenas: 16
2023-09-14 12:12:25.476 [main] DEBUG io.netty.buffer.PooledByteBufAllocator - -Dio.netty.allocator.numDirectArenas: 16
2023-09-14 12:12:25.476 [main] DEBUG io.netty.buffer.PooledByteBufAllocator - -Dio.netty.allocator.pageSize: 8192
2023-09-14 12:12:25.476 [main] DEBUG io.netty.buffer.PooledByteBufAllocator - -Dio.netty.allocator.maxOrder: 9
2023-09-14 12:12:25.476 [main] DEBUG io.netty.buffer.PooledByteBufAllocator - -Dio.netty.allocator.chunkSize: 4194304
2023-09-14 12:12:25.476 [main] DEBUG io.netty.buffer.PooledByteBufAllocator - -Dio.netty.allocator.smallCacheSize: 256
2023-09-14 12:12:25.476 [main] DEBUG io.netty.buffer.PooledByteBufAllocator - -Dio.netty.allocator.normalCacheSize: 64
2023-09-14 12:12:25.477 [main] DEBUG io.netty.buffer.PooledByteBufAllocator - -Dio.netty.allocator.maxCachedBufferCapacity: 32768
2023-09-14 12:12:25.477 [main] DEBUG io.netty.buffer.PooledByteBufAllocator - -Dio.netty.allocator.cacheTrimInterval: 8192
2023-09-14 12:12:25.477 [main] DEBUG io.netty.buffer.PooledByteBufAllocator - -Dio.netty.allocator.cacheTrimIntervalMillis: 0
2023-09-14 12:12:25.477 [main] DEBUG io.netty.buffer.PooledByteBufAllocator - -Dio.netty.allocator.useCacheForAllThreads: false
2023-09-14 12:12:25.477 [main] DEBUG io.netty.buffer.PooledByteBufAllocator - -Dio.netty.allocator.maxCachedByteBuffersPerChunk: 1023
2023-09-14 12:12:25.492 [main] DEBUG io.netty.buffer.ByteBufUtil - -Dio.netty.allocator.type: pooled
2023-09-14 12:12:25.492 [main] DEBUG io.netty.buffer.ByteBufUtil - -Dio.netty.threadLocalDirectBufferSize: 0
2023-09-14 12:12:25.492 [main] DEBUG io.netty.buffer.ByteBufUtil - -Dio.netty.maxThreadLocalCharBufferSize: 16384
2023-09-14 12:12:25.785 [Forwarding newSession on session null to remote] DEBUG io.netty.channel.DefaultChannelId - -Dio.netty.processId: 11260 (auto-detected)
2023-09-14 12:12:25.787 [Forwarding newSession on session null to remote] DEBUG io.netty.util.NetUtil - -Djava.net.preferIPv4Stack: false
2023-09-14 12:12:25.787 [Forwarding newSession on session null to remote] DEBUG io.netty.util.NetUtil - -Djava.net.preferIPv6Addresses: false
2023-09-14 12:12:25.795 [Forwarding newSession on session null to remote] DEBUG io.netty.util.NetUtilInitializations - Loopback interface: lo (Software Loopback Interface 1, 127.0.0.1)
2023-09-14 12:12:25.796 [Forwarding newSession on session null to remote] DEBUG io.netty.util.NetUtil - Failed to get SOMAXCONN from sysctl and file \proc\sys\net\core\somaxconn. Default: 200
2023-09-14 12:12:25.809 [Forwarding newSession on session null to remote] DEBUG io.netty.channel.DefaultChannelId - -Dio.netty.machineId: dc:21:48:ff:fe:f5:c2:92 (auto-detected)
2023-09-14 12:12:25.857 [AsyncHttpClient-1-2] DEBUG io.netty.buffer.AbstractByteBuf - -Dio.netty.buffer.checkAccessible: true
2023-09-14 12:12:25.857 [AsyncHttpClient-1-2] DEBUG io.netty.buffer.AbstractByteBuf - -Dio.netty.buffer.checkBounds: true
2023-09-14 12:12:25.857 [AsyncHttpClient-1-2] DEBUG io.netty.util.ResourceLeakDetectorFactory - Loaded default ResourceLeakDetector: io.netty.util.ResourceLeakDetector@5d224863
2023-09-14 12:12:25.879 [AsyncHttpClient-1-2] DEBUG io.netty.util.Recycler - -Dio.netty.recycler.maxCapacityPerThread: 4096
2023-09-14 12:12:25.879 [AsyncHttpClient-1-2] DEBUG io.netty.util.Recycler - -Dio.netty.recycler.ratio: 8
2023-09-14 12:12:25.879 [AsyncHttpClient-1-2] DEBUG io.netty.util.Recycler - -Dio.netty.recycler.chunkSize: 32
2023-09-14 12:12:25.879 [AsyncHttpClient-1-2] DEBUG io.netty.util.Recycler - -Dio.netty.recycler.blocking: false
2023-09-14 12:12:25.879 [AsyncHttpClient-1-2] DEBUG io.netty.util.Recycler - -Dio.netty.recycler.batchFastThreadLocalOnly: true
2023-09-14 12:12:27.044 [AsyncHttpClient-1-2] DEBUG io.netty.handler.codec.compression.Brotli - brotli4j not in the classpath; Brotli support will be unavailable.
2023-09-14 12:12:27.199 [main] DEBUG io.netty.util.internal.ThreadLocalRandom - -Dio.netty.initialSeedUniquifier: 0x06be8901dbcaf356
2023-09-14 12:13:22.931 [main] DEBUG io.netty.util.internal.logging.InternalLoggerFactory - Using Log4J2 as the default logging framework
2023-09-14 12:13:22.945 [main] DEBUG io.netty.util.ResourceLeakDetector - -Dio.netty.leakDetection.level: simple
2023-09-14 12:13:22.946 [main] DEBUG io.netty.util.ResourceLeakDetector - -Dio.netty.leakDetection.targetRecords: 4
2023-09-14 12:13:22.953 [main] DEBUG io.netty.util.ResourceLeakDetectorFactory - Loaded default ResourceLeakDetector: io.netty.util.ResourceLeakDetector@4a7a965d
2023-09-14 12:13:22.980 [main] DEBUG io.netty.util.internal.PlatformDependent0 - -Dio.netty.noUnsafe: false
2023-09-14 12:13:22.980 [main] DEBUG io.netty.util.internal.PlatformDependent0 - Java version: 17
2023-09-14 12:13:22.981 [main] DEBUG io.netty.util.internal.PlatformDependent0 - sun.misc.Unsafe.theUnsafe: available
2023-09-14 12:13:22.982 [main] DEBUG io.netty.util.internal.PlatformDependent0 - sun.misc.Unsafe.copyMemory: available
2023-09-14 12:13:22.982 [main] DEBUG io.netty.util.internal.PlatformDependent0 - sun.misc.Unsafe.storeFence: available
2023-09-14 12:13:22.983 [main] DEBUG io.netty.util.internal.PlatformDependent0 - java.nio.Buffer.address: available
2023-09-14 12:13:22.983 [main] DEBUG io.netty.util.internal.PlatformDependent0 - direct buffer constructor: unavailable: Reflective setAccessible(true) disabled
2023-09-14 12:13:22.984 [main] DEBUG io.netty.util.internal.PlatformDependent0 - java.nio.Bits.unaligned: available, true
2023-09-14 12:13:22.985 [main] DEBUG io.netty.util.internal.PlatformDependent0 - jdk.internal.misc.Unsafe.allocateUninitializedArray(int): unavailable: class io.netty.util.internal.PlatformDependent0$7 cannot access class jdk.internal.misc.Unsafe (in module java.base) because module java.base does not export jdk.internal.misc to unnamed module @66480dd7
2023-09-14 12:13:22.986 [main] DEBUG io.netty.util.internal.PlatformDependent0 - java.nio.DirectByteBuffer.<init>(long, int): unavailable
2023-09-14 12:13:22.986 [main] DEBUG io.netty.util.internal.PlatformDependent - sun.misc.Unsafe: available
2023-09-14 12:13:22.986 [main] DEBUG io.netty.util.internal.PlatformDependent - maxDirectMemory: 8510242816 bytes (maybe)
2023-09-14 12:13:22.987 [main] DEBUG io.netty.util.internal.PlatformDependent - -Dio.netty.tmpdir: C:\Users\PRASHA~1.KAT\AppData\Local\Temp (java.io.tmpdir)
2023-09-14 12:13:22.988 [main] DEBUG io.netty.util.internal.PlatformDependent - -Dio.netty.bitMode: 64 (sun.arch.data.model)
2023-09-14 12:13:22.988 [main] DEBUG io.netty.util.internal.PlatformDependent - Platform: Windows
2023-09-14 12:13:22.990 [main] DEBUG io.netty.util.internal.PlatformDependent - -Dio.netty.maxDirectMemory: -1 bytes
2023-09-14 12:13:22.990 [main] DEBUG io.netty.util.internal.PlatformDependent - -Dio.netty.uninitializedArrayAllocationThreshold: -1
2023-09-14 12:13:22.991 [main] DEBUG io.netty.util.internal.CleanerJava9 - java.nio.ByteBuffer.cleaner(): available
2023-09-14 12:13:22.991 [main] DEBUG io.netty.util.internal.PlatformDependent - -Dio.netty.noPreferDirect: false
2023-09-14 12:13:22.998 [main] DEBUG io.netty.util.internal.PlatformDependent - org.jctools-core.MpscChunkedArrayQueue: available
2023-09-14 12:13:23.015 [main] DEBUG io.netty.util.internal.InternalThreadLocalMap - -Dio.netty.threadLocalMap.stringBuilder.initialSize: 1024
2023-09-14 12:13:23.016 [main] DEBUG io.netty.util.internal.InternalThreadLocalMap - -Dio.netty.threadLocalMap.stringBuilder.maxSize: 4096
2023-09-14 12:13:23.061 [main] DEBUG io.netty.handler.ssl.JdkSslContext - Default protocols (JDK): [TLSv1.3, TLSv1.2] 
2023-09-14 12:13:23.061 [main] DEBUG io.netty.handler.ssl.JdkSslContext - Default cipher suites (JDK): [TLS_ECDHE_ECDSA_WITH_AES_256_GCM_SHA384, TLS_ECDHE_ECDSA_WITH_AES_128_GCM_SHA256, TLS_ECDHE_RSA_WITH_AES_128_GCM_SHA256, TLS_ECDHE_RSA_WITH_AES_256_GCM_SHA384, TLS_ECDHE_RSA_WITH_AES_128_CBC_SHA, TLS_ECDHE_RSA_WITH_AES_256_CBC_SHA, TLS_RSA_WITH_AES_128_GCM_SHA256, TLS_RSA_WITH_AES_128_CBC_SHA, TLS_RSA_WITH_AES_256_CBC_SHA, TLS_AES_128_GCM_SHA256, TLS_AES_256_GCM_SHA384]
2023-09-14 12:13:23.074 [main] DEBUG io.netty.util.concurrent.GlobalEventExecutor - -Dio.netty.globalEventExecutor.quietPeriodSeconds: 1
2023-09-14 12:13:23.085 [main] DEBUG io.netty.channel.MultithreadEventLoopGroup - -Dio.netty.eventLoopThreads: 16
2023-09-14 12:13:23.095 [main] DEBUG io.netty.channel.nio.NioEventLoop - -Dio.netty.noKeySetOptimization: false
2023-09-14 12:13:23.095 [main] DEBUG io.netty.channel.nio.NioEventLoop - -Dio.netty.selectorAutoRebuildThreshold: 512
2023-09-14 12:13:23.155 [main] DEBUG io.netty.buffer.PooledByteBufAllocator - -Dio.netty.allocator.numHeapArenas: 16
2023-09-14 12:13:23.156 [main] DEBUG io.netty.buffer.PooledByteBufAllocator - -Dio.netty.allocator.numDirectArenas: 16
2023-09-14 12:13:23.156 [main] DEBUG io.netty.buffer.PooledByteBufAllocator - -Dio.netty.allocator.pageSize: 8192
2023-09-14 12:13:23.156 [main] DEBUG io.netty.buffer.PooledByteBufAllocator - -Dio.netty.allocator.maxOrder: 9
2023-09-14 12:13:23.156 [main] DEBUG io.netty.buffer.PooledByteBufAllocator - -Dio.netty.allocator.chunkSize: 4194304
2023-09-14 12:13:23.156 [main] DEBUG io.netty.buffer.PooledByteBufAllocator - -Dio.netty.allocator.smallCacheSize: 256
2023-09-14 12:13:23.156 [main] DEBUG io.netty.buffer.PooledByteBufAllocator - -Dio.netty.allocator.normalCacheSize: 64
2023-09-14 12:13:23.156 [main] DEBUG io.netty.buffer.PooledByteBufAllocator - -Dio.netty.allocator.maxCachedBufferCapacity: 32768
2023-09-14 12:13:23.156 [main] DEBUG io.netty.buffer.PooledByteBufAllocator - -Dio.netty.allocator.cacheTrimInterval: 8192
2023-09-14 12:13:23.156 [main] DEBUG io.netty.buffer.PooledByteBufAllocator - -Dio.netty.allocator.cacheTrimIntervalMillis: 0
2023-09-14 12:13:23.156 [main] DEBUG io.netty.buffer.PooledByteBufAllocator - -Dio.netty.allocator.useCacheForAllThreads: false
2023-09-14 12:13:23.156 [main] DEBUG io.netty.buffer.PooledByteBufAllocator - -Dio.netty.allocator.maxCachedByteBuffersPerChunk: 1023
2023-09-14 12:13:23.169 [main] DEBUG io.netty.buffer.ByteBufUtil - -Dio.netty.allocator.type: pooled
2023-09-14 12:13:23.169 [main] DEBUG io.netty.buffer.ByteBufUtil - -Dio.netty.threadLocalDirectBufferSize: 0
2023-09-14 12:13:23.169 [main] DEBUG io.netty.buffer.ByteBufUtil - -Dio.netty.maxThreadLocalCharBufferSize: 16384
2023-09-14 12:13:23.443 [Forwarding newSession on session null to remote] DEBUG io.netty.channel.DefaultChannelId - -Dio.netty.processId: 20020 (auto-detected)
2023-09-14 12:13:23.445 [Forwarding newSession on session null to remote] DEBUG io.netty.util.NetUtil - -Djava.net.preferIPv4Stack: false
2023-09-14 12:13:23.445 [Forwarding newSession on session null to remote] DEBUG io.netty.util.NetUtil - -Djava.net.preferIPv6Addresses: false
2023-09-14 12:13:23.452 [Forwarding newSession on session null to remote] DEBUG io.netty.util.NetUtilInitializations - Loopback interface: lo (Software Loopback Interface 1, 127.0.0.1)
2023-09-14 12:13:23.452 [Forwarding newSession on session null to remote] DEBUG io.netty.util.NetUtil - Failed to get SOMAXCONN from sysctl and file \proc\sys\net\core\somaxconn. Default: 200
2023-09-14 12:13:23.467 [Forwarding newSession on session null to remote] DEBUG io.netty.channel.DefaultChannelId - -Dio.netty.machineId: dc:21:48:ff:fe:f5:c2:92 (auto-detected)
2023-09-14 12:13:23.502 [AsyncHttpClient-1-2] DEBUG io.netty.buffer.AbstractByteBuf - -Dio.netty.buffer.checkAccessible: true
2023-09-14 12:13:23.502 [AsyncHttpClient-1-2] DEBUG io.netty.buffer.AbstractByteBuf - -Dio.netty.buffer.checkBounds: true
2023-09-14 12:13:23.502 [AsyncHttpClient-1-2] DEBUG io.netty.util.ResourceLeakDetectorFactory - Loaded default ResourceLeakDetector: io.netty.util.ResourceLeakDetector@4b9eda83
2023-09-14 12:13:23.524 [AsyncHttpClient-1-2] DEBUG io.netty.util.Recycler - -Dio.netty.recycler.maxCapacityPerThread: 4096
2023-09-14 12:13:23.524 [AsyncHttpClient-1-2] DEBUG io.netty.util.Recycler - -Dio.netty.recycler.ratio: 8
2023-09-14 12:13:23.524 [AsyncHttpClient-1-2] DEBUG io.netty.util.Recycler - -Dio.netty.recycler.chunkSize: 32
2023-09-14 12:13:23.525 [AsyncHttpClient-1-2] DEBUG io.netty.util.Recycler - -Dio.netty.recycler.blocking: false
2023-09-14 12:13:23.525 [AsyncHttpClient-1-2] DEBUG io.netty.util.Recycler - -Dio.netty.recycler.batchFastThreadLocalOnly: true
2023-09-14 12:13:24.693 [AsyncHttpClient-1-2] DEBUG io.netty.handler.codec.compression.Brotli - brotli4j not in the classpath; Brotli support will be unavailable.
2023-09-14 12:13:24.797 [main] DEBUG io.netty.util.internal.ThreadLocalRandom - -Dio.netty.initialSeedUniquifier: 0xd695921d51bf0919
2023-09-14 12:13:40.929 [main] INFO  testCases.TC_001_launchApplication - -----------------Verified the 'FHR NextGen'  title of the Page---------------
2023-09-14 12:14:58.694 [main] DEBUG io.netty.util.internal.logging.InternalLoggerFactory - Using Log4J2 as the default logging framework
2023-09-14 12:14:58.714 [main] DEBUG io.netty.util.ResourceLeakDetector - -Dio.netty.leakDetection.level: simple
2023-09-14 12:14:58.714 [main] DEBUG io.netty.util.ResourceLeakDetector - -Dio.netty.leakDetection.targetRecords: 4
2023-09-14 12:14:58.721 [main] DEBUG io.netty.util.ResourceLeakDetectorFactory - Loaded default ResourceLeakDetector: io.netty.util.ResourceLeakDetector@64a9d48c
2023-09-14 12:14:58.749 [main] DEBUG io.netty.util.internal.PlatformDependent0 - -Dio.netty.noUnsafe: false
2023-09-14 12:14:58.749 [main] DEBUG io.netty.util.internal.PlatformDependent0 - Java version: 17
2023-09-14 12:14:58.750 [main] DEBUG io.netty.util.internal.PlatformDependent0 - sun.misc.Unsafe.theUnsafe: available
2023-09-14 12:14:58.752 [main] DEBUG io.netty.util.internal.PlatformDependent0 - sun.misc.Unsafe.copyMemory: available
2023-09-14 12:14:58.752 [main] DEBUG io.netty.util.internal.PlatformDependent0 - sun.misc.Unsafe.storeFence: available
2023-09-14 12:14:58.753 [main] DEBUG io.netty.util.internal.PlatformDependent0 - java.nio.Buffer.address: available
2023-09-14 12:14:58.754 [main] DEBUG io.netty.util.internal.PlatformDependent0 - direct buffer constructor: unavailable: Reflective setAccessible(true) disabled
2023-09-14 12:14:58.755 [main] DEBUG io.netty.util.internal.PlatformDependent0 - java.nio.Bits.unaligned: available, true
2023-09-14 12:14:58.757 [main] DEBUG io.netty.util.internal.PlatformDependent0 - jdk.internal.misc.Unsafe.allocateUninitializedArray(int): unavailable: class io.netty.util.internal.PlatformDependent0$7 cannot access class jdk.internal.misc.Unsafe (in module java.base) because module java.base does not export jdk.internal.misc to unnamed module @66480dd7
2023-09-14 12:14:58.759 [main] DEBUG io.netty.util.internal.PlatformDependent0 - java.nio.DirectByteBuffer.<init>(long, int): unavailable
2023-09-14 12:14:58.759 [main] DEBUG io.netty.util.internal.PlatformDependent - sun.misc.Unsafe: available
2023-09-14 12:14:58.760 [main] DEBUG io.netty.util.internal.PlatformDependent - maxDirectMemory: 8510242816 bytes (maybe)
2023-09-14 12:14:58.760 [main] DEBUG io.netty.util.internal.PlatformDependent - -Dio.netty.tmpdir: C:\Users\PRASHA~1.KAT\AppData\Local\Temp (java.io.tmpdir)
2023-09-14 12:14:58.760 [main] DEBUG io.netty.util.internal.PlatformDependent - -Dio.netty.bitMode: 64 (sun.arch.data.model)
2023-09-14 12:14:58.761 [main] DEBUG io.netty.util.internal.PlatformDependent - Platform: Windows
2023-09-14 12:14:58.762 [main] DEBUG io.netty.util.internal.PlatformDependent - -Dio.netty.maxDirectMemory: -1 bytes
2023-09-14 12:14:58.762 [main] DEBUG io.netty.util.internal.PlatformDependent - -Dio.netty.uninitializedArrayAllocationThreshold: -1
2023-09-14 12:14:58.763 [main] DEBUG io.netty.util.internal.CleanerJava9 - java.nio.ByteBuffer.cleaner(): available
2023-09-14 12:14:58.763 [main] DEBUG io.netty.util.internal.PlatformDependent - -Dio.netty.noPreferDirect: false
2023-09-14 12:14:58.777 [main] DEBUG io.netty.util.internal.PlatformDependent - org.jctools-core.MpscChunkedArrayQueue: available
2023-09-14 12:14:58.799 [main] DEBUG io.netty.util.internal.InternalThreadLocalMap - -Dio.netty.threadLocalMap.stringBuilder.initialSize: 1024
2023-09-14 12:14:58.799 [main] DEBUG io.netty.util.internal.InternalThreadLocalMap - -Dio.netty.threadLocalMap.stringBuilder.maxSize: 4096
2023-09-14 12:14:58.854 [main] DEBUG io.netty.handler.ssl.JdkSslContext - Default protocols (JDK): [TLSv1.3, TLSv1.2] 
2023-09-14 12:14:58.855 [main] DEBUG io.netty.handler.ssl.JdkSslContext - Default cipher suites (JDK): [TLS_ECDHE_ECDSA_WITH_AES_256_GCM_SHA384, TLS_ECDHE_ECDSA_WITH_AES_128_GCM_SHA256, TLS_ECDHE_RSA_WITH_AES_128_GCM_SHA256, TLS_ECDHE_RSA_WITH_AES_256_GCM_SHA384, TLS_ECDHE_RSA_WITH_AES_128_CBC_SHA, TLS_ECDHE_RSA_WITH_AES_256_CBC_SHA, TLS_RSA_WITH_AES_128_GCM_SHA256, TLS_RSA_WITH_AES_128_CBC_SHA, TLS_RSA_WITH_AES_256_CBC_SHA, TLS_AES_128_GCM_SHA256, TLS_AES_256_GCM_SHA384]
2023-09-14 12:14:58.873 [main] DEBUG io.netty.util.concurrent.GlobalEventExecutor - -Dio.netty.globalEventExecutor.quietPeriodSeconds: 1
2023-09-14 12:14:58.886 [main] DEBUG io.netty.channel.MultithreadEventLoopGroup - -Dio.netty.eventLoopThreads: 16
2023-09-14 12:14:58.896 [main] DEBUG io.netty.channel.nio.NioEventLoop - -Dio.netty.noKeySetOptimization: false
2023-09-14 12:14:58.896 [main] DEBUG io.netty.channel.nio.NioEventLoop - -Dio.netty.selectorAutoRebuildThreshold: 512
2023-09-14 12:14:58.962 [main] DEBUG io.netty.buffer.PooledByteBufAllocator - -Dio.netty.allocator.numHeapArenas: 16
2023-09-14 12:14:58.962 [main] DEBUG io.netty.buffer.PooledByteBufAllocator - -Dio.netty.allocator.numDirectArenas: 16
2023-09-14 12:14:58.962 [main] DEBUG io.netty.buffer.PooledByteBufAllocator - -Dio.netty.allocator.pageSize: 8192
2023-09-14 12:14:58.962 [main] DEBUG io.netty.buffer.PooledByteBufAllocator - -Dio.netty.allocator.maxOrder: 9
2023-09-14 12:14:58.962 [main] DEBUG io.netty.buffer.PooledByteBufAllocator - -Dio.netty.allocator.chunkSize: 4194304
2023-09-14 12:14:58.962 [main] DEBUG io.netty.buffer.PooledByteBufAllocator - -Dio.netty.allocator.smallCacheSize: 256
2023-09-14 12:14:58.962 [main] DEBUG io.netty.buffer.PooledByteBufAllocator - -Dio.netty.allocator.normalCacheSize: 64
2023-09-14 12:14:58.962 [main] DEBUG io.netty.buffer.PooledByteBufAllocator - -Dio.netty.allocator.maxCachedBufferCapacity: 32768
2023-09-14 12:14:58.962 [main] DEBUG io.netty.buffer.PooledByteBufAllocator - -Dio.netty.allocator.cacheTrimInterval: 8192
2023-09-14 12:14:58.962 [main] DEBUG io.netty.buffer.PooledByteBufAllocator - -Dio.netty.allocator.cacheTrimIntervalMillis: 0
2023-09-14 12:14:58.962 [main] DEBUG io.netty.buffer.PooledByteBufAllocator - -Dio.netty.allocator.useCacheForAllThreads: false
2023-09-14 12:14:58.962 [main] DEBUG io.netty.buffer.PooledByteBufAllocator - -Dio.netty.allocator.maxCachedByteBuffersPerChunk: 1023
2023-09-14 12:14:58.974 [main] DEBUG io.netty.buffer.ByteBufUtil - -Dio.netty.allocator.type: pooled
2023-09-14 12:14:58.974 [main] DEBUG io.netty.buffer.ByteBufUtil - -Dio.netty.threadLocalDirectBufferSize: 0
2023-09-14 12:14:58.974 [main] DEBUG io.netty.buffer.ByteBufUtil - -Dio.netty.maxThreadLocalCharBufferSize: 16384
2023-09-14 12:14:59.337 [Forwarding newSession on session null to remote] DEBUG io.netty.channel.DefaultChannelId - -Dio.netty.processId: 41676 (auto-detected)
2023-09-14 12:14:59.339 [Forwarding newSession on session null to remote] DEBUG io.netty.util.NetUtil - -Djava.net.preferIPv4Stack: false
2023-09-14 12:14:59.339 [Forwarding newSession on session null to remote] DEBUG io.netty.util.NetUtil - -Djava.net.preferIPv6Addresses: false
2023-09-14 12:14:59.349 [Forwarding newSession on session null to remote] DEBUG io.netty.util.NetUtilInitializations - Loopback interface: lo (Software Loopback Interface 1, 127.0.0.1)
2023-09-14 12:14:59.351 [Forwarding newSession on session null to remote] DEBUG io.netty.util.NetUtil - Failed to get SOMAXCONN from sysctl and file \proc\sys\net\core\somaxconn. Default: 200
2023-09-14 12:14:59.372 [Forwarding newSession on session null to remote] DEBUG io.netty.channel.DefaultChannelId - -Dio.netty.machineId: dc:21:48:ff:fe:f5:c2:92 (auto-detected)
2023-09-14 12:14:59.423 [AsyncHttpClient-1-2] DEBUG io.netty.buffer.AbstractByteBuf - -Dio.netty.buffer.checkAccessible: true
2023-09-14 12:14:59.423 [AsyncHttpClient-1-2] DEBUG io.netty.buffer.AbstractByteBuf - -Dio.netty.buffer.checkBounds: true
2023-09-14 12:14:59.423 [AsyncHttpClient-1-2] DEBUG io.netty.util.ResourceLeakDetectorFactory - Loaded default ResourceLeakDetector: io.netty.util.ResourceLeakDetector@58d2de3e
2023-09-14 12:14:59.456 [AsyncHttpClient-1-2] DEBUG io.netty.util.Recycler - -Dio.netty.recycler.maxCapacityPerThread: 4096
2023-09-14 12:14:59.456 [AsyncHttpClient-1-2] DEBUG io.netty.util.Recycler - -Dio.netty.recycler.ratio: 8
2023-09-14 12:14:59.456 [AsyncHttpClient-1-2] DEBUG io.netty.util.Recycler - -Dio.netty.recycler.chunkSize: 32
2023-09-14 12:14:59.456 [AsyncHttpClient-1-2] DEBUG io.netty.util.Recycler - -Dio.netty.recycler.blocking: false
2023-09-14 12:14:59.456 [AsyncHttpClient-1-2] DEBUG io.netty.util.Recycler - -Dio.netty.recycler.batchFastThreadLocalOnly: true
2023-09-14 12:15:00.938 [AsyncHttpClient-1-2] DEBUG io.netty.handler.codec.compression.Brotli - brotli4j not in the classpath; Brotli support will be unavailable.
2023-09-14 12:15:01.083 [main] DEBUG io.netty.util.internal.ThreadLocalRandom - -Dio.netty.initialSeedUniquifier: 0x447424af2d9ed82d
2023-09-14 12:15:19.071 [main] INFO  testCases.TC_001_launchApplication - -----------------Verified the 'FHR NextGen'  title of the Page---------------
2023-09-14 12:23:25.550 [main] INFO  testCases.TC_001_launchApplication - -----------------Verified the 'FHR NextGen'  title of the Page---------------
2023-09-14 12:24:50.073 [main] INFO  testCases.TC_001_launchApplication - -----------------Verified the 'FHR NextGen'  title of the Page---------------
2023-09-14 12:26:28.472 [main] INFO  testCases.TC_001_launchApplication - --------------Enter the Username and Password----------------
2023-09-14 12:26:41.106 [main] INFO  testCases.TC_001_launchApplication - -----------------Verified the 'FHR NextGen'  title of the Page---------------
2023-09-14 12:41:35.990 [main] INFO  testCases.TC_001_launchApplication - --------------Enter the Username and Password----------------
2023-09-14 12:42:36.540 [main] INFO  testCases.TC_001_launchApplication - --------------Enter the Username and Password----------------
2023-09-14 12:42:49.694 [main] INFO  testCases.TC_001_launchApplication - -----------------Verified the 'FHR NextGen'  title of the Page---------------
2023-09-14 12:47:33.340 [main] INFO  testCases.TC_001_launchApplication - --------------Enter the Username and Password----------------
2023-09-14 13:57:12.987 [main] INFO  testCases.TC_001_launchApplication - --------------Enter the Username and Password----------------
2023-09-14 14:12:09.518 [main] INFO  testCases.TC_001_launchApplication - --------------Enter the Username and Password----------------
2023-09-14 14:12:23.132 [main] INFO  testCases.TC_001_launchApplication - -----------------Verified the 'FHR NextGen'  title of the Page---------------
2023-09-14 14:25:00.597 [main] INFO  testCases.TC_001_launchApplication - --------------Enter the Username and Password----------------
2023-09-14 14:25:14.249 [main] INFO  testCases.TC_001_launchApplication - -----------------Verified the 'FHR NextGen'  title of the Page---------------
2023-09-14 15:44:56.073 [main] INFO  testCases.TC_001_launchApplication - --------------Enter the Username and Password----------------
2023-09-14 15:45:08.876 [main] INFO  testCases.TC_001_launchApplication - -----------------Verified the 'FHR NextGen'  title of the Page---------------
2023-09-14 15:48:23.295 [main] INFO  testCases.TC_001_launchApplication - --------------Enter the Username and Password----------------
2023-09-14 15:48:36.707 [main] INFO  testCases.TC_001_launchApplication - -----------------Verified the 'FHR NextGen'  title of the Page---------------
2023-09-14 15:59:52.228 [main] INFO  testCases.TC_001_launchApplication - --------------Enter the Username and Password----------------
2023-09-14 16:00:05.213 [main] INFO  testCases.TC_001_launchApplication - -----------------Verified the 'FHR NextGen'  title of the Page---------------
2023-09-14 16:05:16.710 [main] INFO  testCases.TC_001_launchApplication - --------------Enter the Username and Password----------------
2023-09-14 16:05:31.623 [main] INFO  testCases.TC_001_launchApplication - -----------------Verified the 'FHR NextGen'  title of the Page---------------
2023-09-14 16:07:51.268 [main] INFO  testCases.TC_001_launchApplication - --------------Enter the Username and Password----------------
2023-09-14 16:08:04.478 [main] INFO  testCases.TC_001_launchApplication - -----------------Verified the 'FHR NextGen'  title of the Page---------------
2023-09-14 16:13:47.469 [main] INFO  testCases.TC_001_launchApplication - --------------Enter the Username and Password----------------
2023-09-14 16:14:01.550 [main] INFO  testCases.TC_001_launchApplication - -----------------Verified the 'FHR NextGen'  title of the Page---------------
2023-09-14 16:16:41.613 [main] INFO  testCases.TC_001_launchApplication - --------------Enter the Username and Password----------------
2023-09-14 16:16:56.126 [main] INFO  testCases.TC_001_launchApplication - -----------------Verified the 'FHR NextGen'  title of the Page---------------
2023-09-14 16:18:12.311 [main] INFO  testCases.TC_001_launchApplication - --------------Enter the Username and Password----------------
2023-09-14 16:18:25.520 [main] INFO  testCases.TC_001_launchApplication - -----------------Verified the 'FHR NextGen'  title of the Page---------------
2023-09-14 16:19:50.975 [main] INFO  testCases.TC_001_launchApplication - --------------Enter the Username and Password----------------
2023-09-14 16:20:03.746 [main] INFO  testCases.TC_001_launchApplication - -----------------Verified the 'FHR NextGen'  title of the Page---------------
2023-09-14 16:41:43.038 [main] INFO  testCases.TC_001_launchApplication - --------------Enter the Username and Password----------------
2023-09-14 16:41:57.189 [main] INFO  testCases.TC_001_launchApplication - -----------------Verified the 'FHR NextGen'  title of the Page---------------
2023-09-14 16:48:10.843 [main] INFO  testCases.TC_001_launchApplication - --------------Enter the Username and Password----------------
2023-09-14 16:52:42.236 [main] INFO  testCases.TC_001_launchApplication - --------------Enter the Username and Password----------------
2023-09-14 16:53:01.513 [main] INFO  testCases.TC_001_launchApplication - -----------------Verified the 'FHR NextGen'  title of the Page---------------
2023-09-14 16:55:06.597 [main] INFO  testCases.TC_001_launchApplication - --------------Enter the Username and Password----------------
2023-09-14 16:57:48.449 [main] INFO  testCases.TC_001_launchApplication - --------------Enter the Username and Password----------------
2023-09-14 16:59:20.526 [main] INFO  testCases.TC_001_launchApplication - --------------Enter the Username and Password----------------
2023-09-14 16:59:36.628 [main] INFO  testCases.TC_001_launchApplication - -----------------Verified the 'FHR NextGen'  title of the Page---------------
2023-09-14 17:05:33.073 [main] INFO  testCases.TC_001_launchApplication - --------------Enter the Username and Password----------------
2023-09-14 17:05:48.548 [main] INFO  testCases.TC_001_launchApplication - -----------------Verified the 'FHR NextGen'  title of the Page---------------
2023-09-14 17:33:48.941 [main] INFO  testCases.TC_001_launchApplication - --------------Enter the Username and Password----------------
2023-09-14 17:34:04.102 [main] INFO  testCases.TC_001_launchApplication - -----------------Verified the 'FHR NextGen'  title of the Page---------------
2023-09-14 17:56:43.255 [main] INFO  testCases.TC_001_launchApplication - --------------Enter the Username and Password----------------
2023-09-14 17:56:58.344 [main] INFO  testCases.TC_001_launchApplication - -----------------Verified the 'FHR NextGen'  title of the Page---------------
2023-09-14 18:12:17.329 [main] INFO  testCases.TC_001_launchApplication - --------------Enter the Username and Password----------------
2023-09-14 18:12:32.542 [main] INFO  testCases.TC_001_launchApplication - -----------------Verified the 'FHR NextGen'  title of the Page---------------
2023-09-14 18:55:52.267 [main] INFO  testCases.TC_001_launchApplication - --------------Enter the Username and Password----------------
2023-09-14 18:57:27.914 [main] INFO  testCases.TC_001_launchApplication - --------------Enter the Username and Password----------------
2023-09-14 18:57:48.287 [main] INFO  testCases.TC_001_launchApplication - -----------------Verified the 'FHR NextGen'  title of the Page---------------
2023-09-14 18:58:56.732 [main] INFO  testCases.TC_001_launchApplication - --------------Enter the Username and Password----------------
2023-09-14 18:59:15.127 [main] INFO  testCases.TC_001_launchApplication - -----------------Verified the 'FHR NextGen'  title of the Page---------------
2023-09-14 19:40:01.884 [main] INFO  testCases.TC_001_launchApplication - --------------Enter the Username and Password----------------
2023-09-14 19:40:28.927 [main] INFO  testCases.TC_001_launchApplication - -----------------Verified the 'FHR NextGen'  title of the Page---------------
2023-09-14 19:45:08.284 [main] INFO  testCases.TC_001_launchApplication - --------------Enter the Username and Password----------------
2023-09-14 19:45:32.780 [main] INFO  testCases.TC_001_launchApplication - -----------------Verified the 'FHR NextGen'  title of the Page---------------
2023-09-14 19:54:40.900 [main] INFO  testCases.TC_001_launchApplication - --------------Enter the Username and Password----------------
2023-09-14 19:54:58.601 [main] INFO  testCases.TC_001_launchApplication - -----------------Verified the 'FHR NextGen'  title of the Page---------------
2023-09-14 22:30:53.905 [main] INFO  testCases.TC_001_launchApplication - --------------Enter the Username and Password----------------
2023-09-14 22:31:10.063 [main] INFO  testCases.TC_001_launchApplication - -----------------Verified the 'FHR NextGen'  title of the Page---------------
2023-09-14 22:33:32.757 [main] INFO  testCases.TC_001_launchApplication - --------------Enter the Username and Password----------------
2023-09-14 22:33:47.890 [main] INFO  testCases.TC_001_launchApplication - -----------------Verified the 'FHR NextGen'  title of the Page---------------
2023-09-14 22:39:27.252 [main] INFO  testCases.TC_001_launchApplication - --------------Enter the Username and Password----------------
2023-09-14 22:39:43.039 [main] INFO  testCases.TC_001_launchApplication - -----------------Verified the 'FHR NextGen'  title of the Page---------------
2023-09-14 22:43:30.008 [main] INFO  testCases.TC_001_launchApplication - --------------Enter the Username and Password----------------
2023-09-14 22:43:45.294 [main] INFO  testCases.TC_001_launchApplication - -----------------Verified the 'FHR NextGen'  title of the Page---------------
2023-09-14 22:48:34.185 [main] INFO  testCases.TC_001_launchApplication - --------------Enter the Username and Password----------------
2023-09-14 22:48:50.020 [main] INFO  testCases.TC_001_launchApplication - -----------------Verified the 'FHR NextGen'  title of the Page---------------
2023-09-14 22:57:09.815 [main] INFO  testCases.TC_001_launchApplication - --------------Enter the Username and Password----------------
2023-09-14 22:57:25.362 [main] INFO  testCases.TC_001_launchApplication - -----------------Verified the 'FHR NextGen'  title of the Page---------------
2023-09-14 23:01:57.944 [main] INFO  testCases.TC_001_launchApplication - --------------Enter the Username and Password----------------
2023-09-14 23:02:14.184 [main] INFO  testCases.TC_001_launchApplication - -----------------Verified the 'FHR NextGen'  title of the Page---------------
2023-09-14 23:07:59.541 [main] INFO  testCases.TC_001_launchApplication - --------------Enter the Username and Password----------------
2023-09-14 23:08:15.835 [main] INFO  testCases.TC_001_launchApplication - -----------------Verified the 'FHR NextGen'  title of the Page---------------
2023-09-14 23:10:20.955 [main] INFO  testCases.TC_001_launchApplication - --------------Enter the Username and Password----------------
2023-09-14 23:10:36.797 [main] INFO  testCases.TC_001_launchApplication - -----------------Verified the 'FHR NextGen'  title of the Page---------------
2023-09-15 09:38:51.252 [main] INFO  testCases.TC_001_launchApplication - --------------Enter the Username and Password----------------
2023-09-15 09:59:16.425 [main] INFO  testCases.TC_001_launchApplication - --------------Enter the Username and Password----------------
2023-09-15 10:02:27.853 [main] INFO  testCases.TC_001_launchApplication - --------------Enter the Username and Password----------------
2023-09-15 10:09:05.961 [main] INFO  testCases.TC_001_launchApplication - --------------Enter the Username and Password----------------
2023-09-15 10:11:31.667 [main] INFO  testCases.TC_001_launchApplication - --------------Enter the Username and Password----------------
2023-09-15 10:11:46.168 [main] INFO  testCases.TC_001_launchApplication - -----------------Verified the 'FHR NextGen'  title of the Page---------------
2023-09-15 10:13:01.749 [main] INFO  testCases.TC_001_launchApplication - --------------Enter the Username and Password----------------
2023-09-15 10:13:16.547 [main] INFO  testCases.TC_001_launchApplication - -----------------Verified the 'FHR NextGen'  title of the Page---------------
2023-09-15 10:14:25.908 [main] INFO  testCases.TC_001_launchApplication - --------------Enter the Username and Password----------------
2023-09-15 10:14:41.047 [main] INFO  testCases.TC_001_launchApplication - -----------------Verified the 'FHR NextGen'  title of the Page---------------
2023-09-15 10:15:24.418 [main] INFO  testCases.TC_001_launchApplication - --------------Enter the Username and Password----------------
2023-09-15 10:15:39.234 [main] INFO  testCases.TC_001_launchApplication - -----------------Verified the 'FHR NextGen'  title of the Page---------------
2023-09-15 10:16:30.965 [main] INFO  testCases.TC_001_launchApplication - --------------Enter the Username and Password----------------
2023-09-15 10:16:45.898 [main] INFO  testCases.TC_001_launchApplication - -----------------Verified the 'FHR NextGen'  title of the Page---------------
2023-09-15 10:22:00.414 [main] INFO  testCases.TC_001_launchApplication - --------------Enter the Username and Password----------------
2023-09-15 10:22:14.803 [main] INFO  testCases.TC_001_launchApplication - -----------------Verified the 'FHR NextGen'  title of the Page---------------
2023-09-15 10:38:08.103 [main] INFO  testCases.TC_001_launchApplication - --------------Enter the Username and Password----------------
2023-09-15 10:38:22.764 [main] INFO  testCases.TC_001_launchApplication - -----------------Verified the 'FHR NextGen'  title of the Page---------------
2023-09-15 10:46:57.735 [main] INFO  testCases.TC_001_launchApplication - --------------Enter the Username and Password----------------
2023-09-15 10:47:12.388 [main] INFO  testCases.TC_001_launchApplication - -----------------Verified the 'FHR NextGen'  title of the Page---------------
2023-09-15 10:47:51.549 [main] INFO  testCases.TC_001_launchApplication - --------------Enter the Username and Password----------------
2023-09-15 10:48:06.001 [main] INFO  testCases.TC_001_launchApplication - -----------------Verified the 'FHR NextGen'  title of the Page---------------
2023-09-15 10:50:42.035 [main] INFO  testCases.TC_001_launchApplication - --------------Enter the Username and Password----------------
2023-09-15 10:50:56.717 [main] INFO  testCases.TC_001_launchApplication - -----------------Verified the 'FHR NextGen'  title of the Page---------------
2023-09-15 11:23:14.279 [main] INFO  testCases.TC_001_launchApplication - --------------Enter the Username and Password----------------
2023-09-15 11:23:29.338 [main] INFO  testCases.TC_001_launchApplication - -----------------Verified the 'FHR NextGen'  title of the Page---------------
2023-09-15 11:24:21.836 [main] INFO  testCases.TC_001_launchApplication - --------------Enter the Username and Password----------------
2023-09-15 11:24:36.652 [main] INFO  testCases.TC_001_launchApplication - -----------------Verified the 'FHR NextGen'  title of the Page---------------
2023-09-15 11:26:49.107 [main] INFO  testCases.TC_001_launchApplication - --------------Enter the Username and Password----------------
2023-09-15 11:31:24.995 [main] INFO  testCases.TC_001_launchApplication - --------------Enter the Username and Password----------------
2023-09-15 11:31:40.064 [main] INFO  testCases.TC_001_launchApplication - -----------------Verified the 'FHR NextGen'  title of the Page---------------
2023-09-15 11:37:17.423 [main] INFO  testCases.TC_001_launchApplication - --------------Enter the Username and Password----------------
2023-09-15 11:38:47.791 [main] INFO  testCases.TC_001_launchApplication - --------------Enter the Username and Password----------------
2023-09-15 11:39:02.310 [main] INFO  testCases.TC_001_launchApplication - -----------------Verified the 'FHR NextGen'  title of the Page---------------
2023-09-15 11:40:40.542 [main] INFO  testCases.TC_001_launchApplication - --------------Enter the Username and Password----------------
2023-09-15 11:40:55.423 [main] INFO  testCases.TC_001_launchApplication - -----------------Verified the 'FHR NextGen'  title of the Page---------------
2023-09-15 11:41:53.160 [main] INFO  testCases.TC_001_launchApplication - --------------Enter the Username and Password----------------
2023-09-15 11:42:07.893 [main] INFO  testCases.TC_001_launchApplication - -----------------Verified the 'FHR NextGen'  title of the Page---------------
2023-09-15 11:43:34.687 [main] INFO  testCases.TC_001_launchApplication - --------------Enter the Username and Password----------------
2023-09-15 11:44:22.787 [main] INFO  testCases.TC_001_launchApplication - --------------Enter the Username and Password----------------
2023-09-15 11:44:37.516 [main] INFO  testCases.TC_001_launchApplication - -----------------Verified the 'FHR NextGen'  title of the Page---------------
2023-09-15 11:56:35.938 [main] INFO  testCases.TC_001_launchApplication - --------------Enter the Username and Password----------------
2023-09-15 11:56:51.398 [main] INFO  testCases.TC_001_launchApplication - -----------------Verified the 'FHR NextGen'  title of the Page---------------
2023-09-15 11:57:40.847 [main] INFO  testCases.TC_001_launchApplication - --------------Enter the Username and Password----------------
2023-09-15 11:57:55.884 [main] INFO  testCases.TC_001_launchApplication - -----------------Verified the 'FHR NextGen'  title of the Page---------------
2023-09-15 11:59:07.639 [main] INFO  testCases.TC_001_launchApplication - --------------Enter the Username and Password----------------
2023-09-15 12:02:08.210 [main] INFO  testCases.TC_001_launchApplication - --------------Enter the Username and Password----------------
2023-09-15 12:02:24.186 [main] INFO  testCases.TC_001_launchApplication - -----------------Verified the 'FHR NextGen'  title of the Page---------------
2023-09-15 12:03:16.568 [main] INFO  testCases.TC_001_launchApplication - --------------Enter the Username and Password----------------
2023-09-15 12:03:31.955 [main] INFO  testCases.TC_001_launchApplication - -----------------Verified the 'FHR NextGen'  title of the Page---------------
2023-09-15 12:16:03.092 [main] INFO  testCases.TC_001_launchApplication - --------------Enter the Username and Password----------------
2023-09-15 12:16:18.272 [main] INFO  testCases.TC_001_launchApplication - -----------------Verified the 'FHR NextGen'  title of the Page---------------
2023-09-15 12:17:17.144 [main] INFO  testCases.TC_001_launchApplication - --------------Enter the Username and Password----------------
2023-09-15 12:17:32.029 [main] INFO  testCases.TC_001_launchApplication - -----------------Verified the 'FHR NextGen'  title of the Page---------------
2023-09-15 12:20:56.401 [main] INFO  testCases.TC_001_launchApplication - --------------Enter the Username and Password----------------
2023-09-15 12:22:01.268 [main] INFO  testCases.TC_001_launchApplication - --------------Enter the Username and Password----------------
2023-09-15 12:22:20.556 [main] INFO  testCases.TC_001_launchApplication - -----------------Verified the 'FHR NextGen'  title of the Page---------------
2023-09-15 12:25:22.440 [main] INFO  testCases.TC_001_launchApplication - --------------Enter the Username and Password----------------
2023-09-15 12:25:39.154 [main] INFO  testCases.TC_001_launchApplication - -----------------Verified the 'FHR NextGen'  title of the Page---------------
2023-09-15 12:29:22.684 [main] INFO  testCases.TC_001_launchApplication - --------------Enter the Username and Password----------------
2023-09-15 12:29:39.591 [main] INFO  testCases.TC_001_launchApplication - -----------------Verified the 'FHR NextGen'  title of the Page---------------
2023-09-15 12:39:07.830 [main] INFO  testCases.TC_001_launchApplication - --------------Enter the Username and Password----------------
2023-09-15 12:39:26.447 [main] INFO  testCases.TC_001_launchApplication - -----------------Verified the 'FHR NextGen'  title of the Page---------------
2023-09-15 12:54:46.325 [main] INFO  testCases.TC_001_launchApplication - --------------Enter the Username and Password----------------
2023-09-15 12:55:03.283 [main] INFO  testCases.TC_001_launchApplication - -----------------Verified the 'FHR NextGen'  title of the Page---------------
2023-09-15 12:55:03.325 [main] INFO  testBase.BaseClass - Click CCN DropDown
2023-09-15 12:57:23.961 [main] INFO  testCases.TC_001_launchApplication - --------------Enter the Username and Password----------------
2023-09-15 12:57:41.061 [main] INFO  testCases.TC_001_launchApplication - -----------------Verified the 'FHR NextGen'  title of the Page---------------
2023-09-15 12:57:41.101 [main] INFO  testBase.BaseClass - Click CCN DropDown
2023-09-15 13:01:30.408 [main] INFO  testCases.TC_001_launchApplication - --------------Enter the Username and Password----------------
2023-09-15 13:01:47.390 [main] INFO  testCases.TC_001_launchApplication - -----------------Verified the 'FHR NextGen'  title of the Page---------------
2023-09-15 13:01:47.432 [main] INFO  testBase.BaseClass - Click CCN DropDown
2023-09-15 13:03:53.570 [main] INFO  testCases.TC_001_launchApplication - --------------Enter the Username and Password----------------
2023-09-15 13:04:10.630 [main] INFO  testCases.TC_001_launchApplication - -----------------Verified the 'FHR NextGen'  title of the Page---------------
2023-09-15 13:04:10.675 [main] INFO  testBase.BaseClass - Click CCN DropDown
2023-09-15 13:05:30.231 [main] INFO  testCases.TC_001_launchApplication - --------------Enter the Username and Password----------------
2023-09-15 13:07:45.296 [main] INFO  testCases.TC_001_launchApplication - Enter the Username and Password
2023-09-15 13:08:02.319 [main] INFO  testCases.TC_001_launchApplication - -----------------Verified the 'FHR NextGen'  title of the Page---------------
2023-09-15 13:08:02.358 [main] INFO  testBase.BaseClass - Click CCN DropDown
2023-09-15 13:57:17.029 [main] INFO  testCases.TC_001_launchApplication - Enter the Username and Password
2023-09-15 13:57:33.681 [main] INFO  testCases.TC_001_launchApplication - -----------------Verified the 'FHR NextGen'  title of the Page---------------
2023-09-15 13:57:33.727 [main] INFO  testBase.BaseClass - Click CCN DropDown
2023-09-15 14:01:43.169 [main] INFO  testCases.TC_001_launchApplication - Enter the Username and Password
2023-09-15 14:01:59.567 [main] INFO  testCases.TC_001_launchApplication - -----------------Verified the 'FHR NextGen'  title of the Page---------------
2023-09-15 14:01:59.617 [main] INFO  testBase.BaseClass - Click CCN DropDown
2023-09-15 14:04:24.280 [main] INFO  testCases.TC_001_launchApplication - Enter the Username and Password
2023-09-15 14:04:40.509 [main] INFO  testCases.TC_001_launchApplication - -----------------Verified the 'FHR NextGen'  title of the Page---------------
2023-09-15 14:04:40.545 [main] INFO  testBase.BaseClass - Click CCN DropDown
2023-09-15 14:07:31.547 [main] INFO  testCases.TC_001_launchApplication - Enter the Username and Password
2023-09-15 14:07:48.289 [main] INFO  testCases.TC_001_launchApplication - -----------------Verified the 'FHR NextGen'  title of the Page---------------
2023-09-15 14:07:48.329 [main] INFO  testBase.BaseClass - Click CCN DropDown
2023-09-15 14:10:12.283 [main] INFO  testCases.TC_001_launchApplication - Enter the Username and Password
2023-09-15 14:10:28.923 [main] INFO  testCases.TC_001_launchApplication - -----------------Verified the 'FHR NextGen'  title of the Page---------------
2023-09-15 14:10:28.962 [main] INFO  testBase.BaseClass - Click CCN DropDown
2023-09-15 14:11:52.804 [main] INFO  testCases.TC_001_launchApplication - Enter the Username and Password
2023-09-15 14:12:08.969 [main] INFO  testCases.TC_001_launchApplication - -----------------Verified the 'FHR NextGen'  title of the Page---------------
2023-09-15 14:12:09.009 [main] INFO  testBase.BaseClass - Click CCN DropDown
2023-09-15 14:13:46.674 [main] INFO  testCases.TC_001_launchApplication - Enter the Username and Password
2023-09-15 14:14:03.525 [main] INFO  testCases.TC_001_launchApplication - -----------------Verified the 'FHR NextGen'  title of the Page---------------
2023-09-15 14:14:03.568 [main] INFO  testBase.BaseClass - Click CCN DropDown
2023-09-15 14:17:17.988 [main] INFO  testCases.TC_001_launchApplication - Enter the Username and Password
2023-09-15 14:17:34.238 [main] INFO  testCases.TC_001_launchApplication - -----------------Verified the 'FHR NextGen'  title of the Page---------------
2023-09-15 14:17:34.279 [main] INFO  testBase.BaseClass - Click CCN DropDown
2023-09-15 14:19:23.878 [main] INFO  testCases.TC_001_launchApplication - Enter the Username and Password
2023-09-15 14:19:39.980 [main] INFO  testCases.TC_001_launchApplication - -----------------Verified the 'FHR NextGen'  title of the Page---------------
2023-09-15 14:19:40.017 [main] INFO  testBase.BaseClass - Click CCN DropDown
2023-09-15 14:25:33.608 [main] INFO  testCases.TC_001_launchApplication - Enter the Username and Password
2023-09-15 14:25:50.450 [main] INFO  testCases.TC_001_launchApplication - -----------------Verified the 'FHR NextGen'  title of the Page---------------
2023-09-15 14:25:50.488 [main] INFO  testBase.BaseClass - Click CCN DropDown
2023-09-15 14:44:25.038 [main] INFO  testCases.TC_001_launchApplication - Enter the Username and Password
2023-09-15 14:44:44.809 [main] INFO  testCases.TC_001_launchApplication - -----------------Verified the 'FHR NextGen'  title of the Page---------------
2023-09-15 14:44:44.890 [main] INFO  testBase.BaseClass - Click CCN DropDown
2023-09-15 15:07:46.295 [main] INFO  testCases.TC_001_launchApplication - Enter the Username and Password
2023-09-15 15:08:04.664 [main] INFO  testCases.TC_001_launchApplication - -----------------Verified the 'FHR NextGen'  title of the Page---------------
2023-09-15 15:08:04.745 [main] INFO  testBase.BaseClass - Click CCN DropDown
2023-09-15 15:10:44.687 [main] INFO  testCases.TC_001_launchApplication - Enter the Username and Password
2023-09-15 15:11:02.368 [main] INFO  testCases.TC_001_launchApplication - -----------------Verified the 'FHR NextGen'  title of the Page---------------
2023-09-15 15:11:02.445 [main] INFO  testBase.BaseClass - Click CCN DropDown
2023-09-15 15:15:34.494 [main] INFO  testCases.TC_001_launchApplication - Enter the Username and Password
2023-09-15 15:15:51.715 [main] INFO  testCases.TC_001_launchApplication - -----------------Verified the 'FHR NextGen'  title of the Page---------------
2023-09-15 15:15:51.794 [main] INFO  testBase.BaseClass - Click CCN DropDown
2023-09-15 15:21:06.979 [main] INFO  testCases.TC_001_launchApplication - Enter the Username and Password
2023-09-15 15:21:23.893 [main] INFO  testCases.TC_001_launchApplication - -----------------Verified the 'FHR NextGen'  title of the Page---------------
2023-09-15 15:21:23.969 [main] INFO  testBase.BaseClass - Click CCN DropDown
2023-09-15 15:26:04.888 [main] INFO  testCases.TC_001_launchApplication - Enter the Username and Password
2023-09-15 15:26:22.006 [main] INFO  testCases.TC_001_launchApplication - -----------------Verified the 'FHR NextGen'  title of the Page---------------
2023-09-15 15:26:22.090 [main] INFO  testBase.BaseClass - Click CCN DropDown
2023-09-15 15:44:41.508 [main] INFO  testCases.TC_001_launchApplication - Enter the Username and Password
2023-09-15 15:44:57.816 [main] INFO  testCases.TC_001_launchApplication - -----------------Verified the 'FHR NextGen'  title of the Page---------------
2023-09-15 15:44:57.856 [main] INFO  testBase.BaseClass - Click CCN DropDown
2023-09-15 16:16:26.445 [main] INFO  testCases.TC_001_launchApplication - Enter the Username and Password
2023-09-15 16:16:43.251 [main] INFO  testCases.TC_001_launchApplication - -----------------Verified the 'FHR NextGen'  title of the Page---------------
2023-09-15 16:16:43.300 [main] INFO  testBase.BaseClass - Click CCN DropDown
2023-09-15 16:19:56.378 [main] INFO  testCases.TC_001_launchApplication - Enter the Username and Password
2023-09-15 16:20:12.973 [main] INFO  testCases.TC_001_launchApplication - -----------------Verified the 'FHR NextGen'  title of the Page---------------
2023-09-15 16:20:13.018 [main] INFO  testBase.BaseClass - Click CCN DropDown
2023-09-15 16:38:54.573 [main] INFO  testCases.TC_001_launchApplication - Enter the Username and Password
2023-09-15 16:39:11.277 [main] INFO  testCases.TC_001_launchApplication - -----------------Verified the 'FHR NextGen'  title of the Page---------------
2023-09-15 16:39:11.321 [main] INFO  testBase.BaseClass - Click CCN DropDown
2023-09-15 16:41:32.216 [main] INFO  testCases.TC_001_launchApplication - Enter the Username and Password
2023-09-15 16:41:49.825 [main] INFO  testCases.TC_001_launchApplication - -----------------Verified the 'FHR NextGen'  title of the Page---------------
2023-09-15 16:41:49.867 [main] INFO  testBase.BaseClass - Click CCN DropDown
2023-09-15 17:28:01.930 [main] INFO  testCases.TC_001_launchApplication - Enter the Username and Password
2023-09-15 17:28:19.166 [main] INFO  testCases.TC_001_launchApplication - -----------------Verified the 'FHR NextGen'  title of the Page---------------
2023-09-15 17:28:19.261 [main] INFO  testBase.BaseClass - Click CCN DropDown
2023-09-15 18:21:44.116 [main] INFO  testCases.TC_001_launchApplication - Enter the Username and Password
2023-09-15 18:22:02.550 [main] INFO  testBase.BaseClass - Click CCN DropDown
2023-09-15 18:23:22.540 [main] INFO  testCases.TC_001_launchApplication - Enter the Username and Password
2023-09-15 18:23:40.022 [main] INFO  testCases.TC_001_launchApplication - -----------------Verified the 'FHR NextGen'  title of the Page---------------
2023-09-15 18:23:40.099 [main] INFO  testBase.BaseClass - Click CCN DropDown
2023-09-19 18:11:10.584 [main] INFO  testCases.TC_001_launchApplication - Enter the Username and Password
2023-09-19 18:18:24.140 [main] INFO  testCases.TC_001_launchApplication - Enter the Username and Password
2023-09-20 10:11:53.458 [main] INFO  testCases.TC_001_launchApplication - Enter the Username and Password
2023-09-20 10:12:11.778 [main] INFO  testCases.TC_001_launchApplication - -----------------Verified the 'FHR NextGen'  title of the Page---------------
2023-09-20 10:12:11.808 [main] INFO  testBase.BaseClass - Click CCN DropDown
2023-09-20 10:48:16.354 [main] INFO  testCases.TC_001_launchApplication - Enter the Username and Password
2023-09-20 10:48:33.975 [main] INFO  testCases.TC_001_launchApplication - -----------------Verified the 'FHR NextGen'  title of the Page---------------
2023-09-20 10:48:34.021 [main] INFO  testBase.BaseClass - Click CCN DropDown
2023-09-20 10:52:47.973 [main] INFO  testCases.TC_001_launchApplication - Enter the Username and Password
2023-09-20 10:53:05.103 [main] INFO  testCases.TC_001_launchApplication - -----------------Verified the 'FHR NextGen'  title of the Page---------------
2023-09-20 10:53:05.146 [main] INFO  testBase.BaseClass - Click CCN DropDown
2023-09-20 11:11:59.540 [main] INFO  testCases.TC_001_launchApplication - Enter the Username and Password
2023-09-20 11:12:18.851 [main] INFO  testCases.TC_001_launchApplication - -----------------Verified the 'FHR NextGen'  title of the Page---------------
2023-09-20 11:12:18.938 [main] INFO  testBase.BaseClass - Click CCN DropDown
2023-09-20 11:15:16.813 [main] INFO  testCases.TC_001_launchApplication - Enter the Username and Password
2023-09-20 11:15:34.657 [main] INFO  testCases.TC_001_launchApplication - -----------------Verified the 'FHR NextGen'  title of the Page---------------
2023-09-20 11:15:34.748 [main] INFO  testBase.BaseClass - Click CCN DropDown
2023-09-20 11:47:36.203 [main] INFO  testCases.TC_001_launchApplication - Enter the Username and Password
2023-09-20 11:47:55.712 [main] INFO  testCases.TC_001_launchApplication - -----------------Verified the 'FHR NextGen'  title of the Page---------------
2023-09-20 11:47:55.797 [main] INFO  testBase.BaseClass - Click CCN DropDown
2023-09-20 11:54:54.224 [main] INFO  testCases.TC_001_launchApplication - Enter the Username and Password
2023-09-20 11:55:11.973 [main] INFO  testCases.TC_001_launchApplication - -----------------Verified the 'FHR NextGen'  title of the Page---------------
2023-09-20 11:55:12.044 [main] INFO  testBase.BaseClass - Click CCN DropDown
2023-09-20 18:04:17.146 [main] INFO  testCases.TC_001_launchApplication - Enter the Username and Password
2023-09-20 18:04:34.300 [main] INFO  testCases.TC_001_launchApplication - -----------------Verified the 'FHR NextGen'  title of the Page---------------
2023-09-20 18:04:34.349 [main] INFO  testBase.BaseClass - Click CCN DropDown
2023-09-20 18:42:30.079 [main] INFO  testCases.TC_001_ApplicationLogin - Enter the Username and Password
2023-09-20 18:42:46.851 [main] INFO  testCases.TC_001_ApplicationLogin - -----------------Verified the 'FHR NextGen'  title of the Page---------------
2023-09-20 18:42:46.910 [main] INFO  testBase.BaseClass - Click CCN DropDown
2023-09-20 19:53:41.669 [main] INFO  testCases.TC_001_ApplicationLogin - Enter the Username and Password
2023-09-20 19:53:58.391 [main] INFO  testCases.TC_001_ApplicationLogin - -----------------Verified the 'FHR NextGen'  title of the Page---------------
2023-09-20 19:56:46.379 [main] INFO  testCases.TC_001_ApplicationLogin - Enter the Username and Password
2023-09-20 19:57:03.903 [main] INFO  testCases.TC_001_ApplicationLogin - -----------------Verified the 'FHR NextGen'  title of the Page---------------
2023-09-20 19:57:03.951 [main] INFO  testBase.BaseClass - Click CCN DropDown
2023-09-20 19:58:14.618 [main] INFO  testCases.TC_001_ApplicationLogin - Enter the Username and Password
2023-09-20 19:58:31.009 [main] INFO  testCases.TC_001_ApplicationLogin - -----------------Verified the 'FHR NextGen'  title of the Page---------------
2023-09-20 19:58:31.051 [main] INFO  testBase.BaseClass - Click CCN DropDown
2023-09-20 20:14:07.605 [main] INFO  testCases.TC_001_ApplicationLogin - Enter the Username and Password
2023-09-20 20:14:24.278 [main] INFO  testCases.TC_001_ApplicationLogin - -----------------Verified the 'FHR NextGen'  title of the Page---------------
2023-09-20 20:14:24.315 [main] INFO  testBase.BaseClass - Click CCN DropDown
2023-09-21 11:16:09.618 [main] INFO  testCases.TC_001_ApplicationLogin - Enter the Username and Password
2023-09-21 11:16:15.348 [main] INFO  testCases.TC_001_ApplicationLogin - Enter the Username and Password
2023-09-21 11:16:15.429 [main] INFO  testCases.TC_001_ApplicationLogin - Enter the Username and Password
2023-09-21 11:16:15.498 [main] INFO  testCases.TC_001_ApplicationLogin - Enter the Username and Password
2023-09-21 11:16:44.592 [main] INFO  testCases.TC_001_ApplicationLogin - Enter the Username and Password
2023-09-21 11:17:00.885 [main] INFO  testCases.TC_001_ApplicationLogin - -----------------Verified the 'FHR NextGen'  title of the Page---------------
2023-09-21 11:17:00.903 [main] INFO  testCases.TC_001_ApplicationLogin - Enter the Username and Password
2023-09-21 11:17:31.540 [main] INFO  testCases.TC_001_ApplicationLogin - Enter the Username and Password
2023-09-21 11:18:02.241 [main] INFO  testCases.TC_001_ApplicationLogin - Enter the Username and Password
2023-09-21 11:19:11.568 [main] INFO  testCases.TC_001_ApplicationLogin - Enter the Username and Password
2023-09-21 11:19:29.516 [main] INFO  testCases.TC_001_ApplicationLogin - -----------------Verified the 'FHR NextGen'  title of the Page---------------
2023-09-21 11:19:29.532 [main] INFO  testCases.TC_001_ApplicationLogin - Enter the Username and Password
2023-09-21 11:20:00.194 [main] INFO  testCases.TC_001_ApplicationLogin - Enter the Username and Password
2023-09-21 11:20:30.882 [main] INFO  testCases.TC_001_ApplicationLogin - Enter the Username and Password
2023-09-21 11:36:14.168 [main] INFO  testCases.TC_001_ApplicationLogin - Enter the Username and Password
2023-09-21 11:36:31.582 [main] INFO  testCases.TC_001_ApplicationLogin - -----------------Verified the 'FHR NextGen'  title of the Page---------------
2023-09-21 11:36:31.601 [main] INFO  testCases.TC_001_ApplicationLogin - Enter the Username and Password
2023-09-21 14:55:15.738 [main] INFO  testCases.TC_001_ApplicationLogin - Enter the Username and Password
2023-09-21 14:56:25.690 [main] INFO  testCases.TC_001_ApplicationLogin - Enter the Username and Password
2023-09-21 14:56:42.786 [main] INFO  testCases.TC_001_ApplicationLogin - -----------------Verified the 'FHR NextGen'  title of the Page---------------
2023-09-21 14:56:42.826 [main] INFO  testBase.BaseClass - Click CCN DropDown
2023-09-21 15:09:33.920 [main] INFO  testCases.TC_001_ApplicationLogin - Enter the Username and Password
2023-09-21 15:09:51.361 [main] INFO  testCases.TC_001_ApplicationLogin - -----------------Verified the 'FHR NextGen'  title of the Page---------------
2023-09-21 15:09:51.402 [main] INFO  testBase.BaseClass - Click CCN DropDown
2023-09-21 15:24:38.049 [main] INFO  testCases.TC_001_ApplicationLogin - Enter the Username and Password
2023-09-21 15:24:57.498 [main] INFO  testCases.TC_001_ApplicationLogin - -----------------Verified the 'FHR NextGen'  title of the Page---------------
2023-09-21 15:26:10.308 [main] INFO  testCases.TC_001_ApplicationLogin - Enter the Username and Password
2023-09-21 15:26:29.486 [main] INFO  testCases.TC_001_ApplicationLogin - -----------------Verified the 'FHR NextGen'  title of the Page---------------
2023-09-21 15:26:29.573 [main] INFO  testBase.BaseClass - Click CCN DropDown
2023-09-21 16:03:00.309 [main] INFO  testCases.TC_001_ApplicationLogin - Enter the Username and Password
2023-09-21 16:03:17.933 [main] INFO  testCases.TC_001_ApplicationLogin - -----------------Verified the 'FHR NextGen'  title of the Page---------------
2023-09-21 16:03:17.973 [main] INFO  testBase.BaseClass - Click CCN DropDown
2023-09-21 16:04:03.003 [main] INFO  testCases.TC_001_ApplicationLogin - Enter the Username and Password
2023-09-21 16:04:21.400 [main] INFO  testCases.TC_001_ApplicationLogin - -----------------Verified the 'FHR NextGen'  title of the Page---------------
2023-09-21 16:04:21.446 [main] INFO  testBase.BaseClass - Click CCN DropDown
2023-09-21 16:05:49.367 [main] INFO  testCases.TC_001_ApplicationLogin - Enter the Username and Password
2023-09-21 16:06:06.651 [main] INFO  testCases.TC_001_ApplicationLogin - -----------------Verified the 'FHR NextGen'  title of the Page---------------
2023-09-21 16:06:06.692 [main] INFO  testBase.BaseClass - Click CCN DropDown
2023-09-21 17:24:56.241 [main] INFO  testCases.TC_001_ApplicationLogin - Enter the Username and Password
2023-09-21 17:25:14.411 [main] INFO  testCases.TC_001_ApplicationLogin - -----------------Verified the 'FHR NextGen'  title of the Page---------------
2023-09-21 17:25:14.497 [main] INFO  testBase.BaseClass - Click CCN DropDown
2023-09-21 17:26:17.243 [main] INFO  testCases.TC_001_ApplicationLogin - Enter the Username and Password
2023-09-21 17:26:35.897 [main] INFO  testCases.TC_001_ApplicationLogin - -----------------Verified the 'FHR NextGen'  title of the Page---------------
2023-09-21 17:26:35.979 [main] INFO  testBase.BaseClass - Click CCN DropDown
2023-09-21 17:28:05.763 [main] INFO  testCases.TC_001_ApplicationLogin - Enter the Username and Password
2023-09-21 17:28:23.882 [main] INFO  testCases.TC_001_ApplicationLogin - -----------------Verified the 'FHR NextGen'  title of the Page---------------
2023-09-21 17:28:23.967 [main] INFO  testBase.BaseClass - Click CCN DropDown
2023-09-21 17:44:41.178 [main] INFO  testCases.TC_001_ApplicationLogin - Enter the Username and Password
2023-09-21 17:44:58.619 [main] INFO  testCases.TC_001_ApplicationLogin - -----------------Verified the 'FHR NextGen'  title of the Page---------------
2023-09-21 17:44:58.663 [main] INFO  testBase.BaseClass - Click CCN DropDown
2023-09-21 17:46:54.286 [main] INFO  testCases.TC_001_ApplicationLogin - Enter the Username and Password
2023-09-21 17:47:11.864 [main] INFO  testCases.TC_001_ApplicationLogin - -----------------Verified the 'FHR NextGen'  title of the Page---------------
2023-09-21 17:47:11.911 [main] INFO  testBase.BaseClass - Click CCN DropDown
2023-09-21 17:48:55.392 [main] INFO  testCases.TC_001_ApplicationLogin - Enter the Username and Password
2023-09-21 17:49:13.278 [main] INFO  testCases.TC_001_ApplicationLogin - -----------------Verified the 'FHR NextGen'  title of the Page---------------
2023-09-21 17:49:13.319 [main] INFO  testBase.BaseClass - Click CCN DropDown
2023-09-21 18:00:00.579 [main] INFO  testCases.TC_001_ApplicationLogin - Enter the Username and Password
2023-09-21 18:00:18.098 [main] INFO  testCases.TC_001_ApplicationLogin - -----------------Verified the 'FHR NextGen'  title of the Page---------------
2023-09-21 18:00:18.142 [main] INFO  testBase.BaseClass - Click CCN DropDown
2023-09-21 18:27:47.234 [main] INFO  testCases.TC_001_ApplicationLogin - Enter the Username and Password
2023-09-21 18:28:04.695 [main] INFO  testCases.TC_001_ApplicationLogin - -----------------Verified the 'FHR NextGen'  title of the Page---------------
2023-09-21 18:28:04.743 [main] INFO  testBase.BaseClass - Click CCN DropDown
2023-09-21 18:48:27.392 [main] INFO  testCases.TC_001_ApplicationLogin - Enter the Username and Password
2023-09-21 18:48:45.240 [main] INFO  testCases.TC_001_ApplicationLogin - -----------------Verified the 'FHR NextGen'  title of the Page---------------
2023-09-21 18:48:45.282 [main] INFO  testBase.BaseClass - Click CCN DropDown
2023-09-21 18:58:41.494 [main] INFO  testCases.TC_001_ApplicationLogin - Enter the Username and Password
2023-09-21 18:59:30.016 [main] INFO  testCases.TC_001_ApplicationLogin - -----------------Verified the 'FHR NextGen'  title of the Page---------------
2023-09-21 18:59:30.065 [main] INFO  testBase.BaseClass - Click CCN DropDown
2023-09-21 19:01:04.049 [main] INFO  testCases.TC_001_ApplicationLogin - Enter the Username and Password
2023-09-21 19:01:25.446 [main] INFO  testCases.TC_001_ApplicationLogin - -----------------Verified the 'FHR NextGen'  title of the Page---------------
2023-09-21 19:01:25.493 [main] INFO  testBase.BaseClass - Click CCN DropDown
2023-09-21 19:04:21.836 [main] INFO  testCases.TC_001_ApplicationLogin - Enter the Username and Password
2023-09-21 19:05:27.729 [main] INFO  testCases.TC_001_ApplicationLogin - Enter the Username and Password
2023-09-21 19:05:53.812 [main] INFO  testCases.TC_001_ApplicationLogin - -----------------Verified the 'FHR NextGen'  title of the Page---------------
2023-09-21 19:05:53.888 [main] INFO  testBase.BaseClass - Click CCN DropDown
2023-09-21 19:14:41.651 [main] INFO  testCases.TC_001_ApplicationLogin - Enter the Username and Password
2023-09-21 19:14:59.250 [main] INFO  testCases.TC_001_ApplicationLogin - -----------------Verified the 'FHR NextGen'  title of the Page---------------
2023-09-21 19:14:59.298 [main] INFO  testBase.BaseClass - Click CCN DropDown
2023-09-21 20:03:20.646 [main] INFO  testCases.TC_001_ApplicationLogin - Enter the Username and Password
2023-09-21 20:03:39.768 [main] INFO  testBase.BaseClass - Click CCN DropDown
2023-09-21 20:04:11.213 [main] INFO  testCases.TC_001_ApplicationLogin - Enter the Username and Password
2023-09-21 20:04:29.334 [main] INFO  testCases.TC_001_ApplicationLogin - -----------------Verified the 'FHR NextGen'  title of the Page---------------
2023-09-21 20:04:29.417 [main] INFO  testBase.BaseClass - Click CCN DropDown
2023-09-22 10:43:57.149 [main] INFO  testCases.TC_001_ApplicationLogin - Enter the Username and Password
2023-09-22 10:44:15.398 [main] INFO  testCases.TC_001_ApplicationLogin - -----------------Verified the 'FHR NextGen'  title of the Page---------------
2023-09-22 10:44:15.475 [main] INFO  testBase.BaseClass - Click CCN DropDown
2023-09-22 11:07:31.950 [main] INFO  testCases.TC_001_ApplicationLogin - Enter the Username and Password
2023-09-22 11:07:50.135 [main] INFO  testCases.TC_001_ApplicationLogin - -----------------Verified the 'FHR NextGen'  title of the Page---------------
2023-09-22 11:07:50.183 [main] INFO  testBase.BaseClass - Click CCN DropDown
2023-09-22 11:10:34.221 [main] INFO  testCases.TC_001_ApplicationLogin - Enter the Username and Password
2023-09-22 11:10:51.279 [main] INFO  testCases.TC_001_ApplicationLogin - -----------------Verified the 'FHR NextGen'  title of the Page---------------
2023-09-22 11:10:51.338 [main] INFO  testBase.BaseClass - Click CCN DropDown
2023-09-22 11:34:16.553 [main] INFO  testCases.TC_001_ApplicationLogin - Enter the Username and Password
2023-09-22 11:34:34.330 [main] INFO  testCases.TC_001_ApplicationLogin - -----------------Verified the 'FHR NextGen'  title of the Page---------------
2023-09-22 11:34:34.405 [main] INFO  testBase.BaseClass - Click CCN DropDown
2023-09-22 11:40:46.009 [main] INFO  testCases.TC_001_ApplicationLogin - Enter the Username and Password
2023-09-22 11:41:03.463 [main] INFO  testCases.TC_001_ApplicationLogin - -----------------Verified the 'FHR NextGen'  title of the Page---------------
2023-09-22 11:41:03.546 [main] INFO  testBase.BaseClass - Click CCN DropDown
2023-09-22 11:49:21.283 [main] INFO  testCases.TC_001_ApplicationLogin - Enter the Username and Password
2023-09-22 11:49:39.091 [main] INFO  testCases.TC_001_ApplicationLogin - -----------------Verified the 'FHR NextGen'  title of the Page---------------
2023-09-22 11:49:39.172 [main] INFO  testBase.BaseClass - Click CCN DropDown
2023-09-22 11:51:50.091 [main] INFO  testCases.TC_001_ApplicationLogin - Enter the Username and Password
2023-09-22 11:52:09.707 [main] INFO  testCases.TC_001_ApplicationLogin - -----------------Verified the 'FHR NextGen'  title of the Page---------------
2023-09-22 11:52:09.785 [main] INFO  testBase.BaseClass - Click CCN DropDown
2023-09-22 11:54:30.607 [main] INFO  testCases.TC_001_ApplicationLogin - Enter the Username and Password
2023-09-22 11:54:48.285 [main] INFO  testCases.TC_001_ApplicationLogin - -----------------Verified the 'FHR NextGen'  title of the Page---------------
2023-09-22 11:54:48.371 [main] INFO  testBase.BaseClass - Click CCN DropDown
2023-09-22 12:13:32.407 [main] INFO  testCases.TC_001_ApplicationLogin - Enter the Username and Password
2023-09-22 12:13:50.097 [main] INFO  testCases.TC_001_ApplicationLogin - -----------------Verified the 'FHR NextGen'  title of the Page---------------
2023-09-22 12:13:50.163 [main] INFO  testBase.BaseClass - Click CCN DropDown
2023-09-22 12:17:06.990 [main] INFO  testCases.TC_001_ApplicationLogin - Enter the Username and Password
2023-09-22 12:17:25.418 [main] INFO  testCases.TC_001_ApplicationLogin - -----------------Verified the 'FHR NextGen'  title of the Page---------------
2023-09-22 12:17:25.491 [main] INFO  testBase.BaseClass - Click CCN DropDown
2023-09-22 12:22:24.780 [main] INFO  testCases.TC_001_ApplicationLogin - Enter the Username and Password
2023-09-22 12:22:42.528 [main] INFO  testCases.TC_001_ApplicationLogin - -----------------Verified the 'FHR NextGen'  title of the Page---------------
2023-09-22 12:22:42.601 [main] INFO  testBase.BaseClass - Click CCN DropDown
2023-09-22 14:30:26.682 [main] INFO  testCases.TC_001_ApplicationLogin - Enter the Username and Password
2023-09-22 14:30:52.885 [main] INFO  testCases.TC_001_ApplicationLogin - Enter the Username and Password
2023-09-22 14:31:10.644 [main] INFO  testCases.TC_001_ApplicationLogin - -----------------Verified the 'FHR NextGen'  title of the Page---------------
2023-09-22 14:31:10.705 [main] INFO  testBase.BaseClass - Click CCN DropDown
2023-09-22 14:34:33.260 [main] INFO  testCases.TC_001_ApplicationLogin - Enter the Username and Password
2023-09-22 14:34:50.690 [main] INFO  testCases.TC_001_ApplicationLogin - -----------------Verified the 'FHR NextGen'  title of the Page---------------
2023-09-22 14:34:50.734 [main] INFO  testBase.BaseClass - Click CCN DropDown
2023-09-22 14:39:17.005 [main] INFO  testCases.TC_001_ApplicationLogin - Enter the Username and Password
2023-09-22 14:39:35.191 [main] INFO  testCases.TC_001_ApplicationLogin - -----------------Verified the 'FHR NextGen'  title of the Page---------------
2023-09-22 14:39:35.256 [main] INFO  testBase.BaseClass - Click CCN DropDown
2023-09-22 14:44:01.439 [main] INFO  testCases.TC_001_ApplicationLogin - Enter the Username and Password
2023-09-22 14:44:19.161 [main] INFO  testCases.TC_001_ApplicationLogin - -----------------Verified the 'FHR NextGen'  title of the Page---------------
2023-09-22 14:44:19.236 [main] INFO  testBase.BaseClass - Click CCN DropDown
2023-09-22 14:49:33.209 [main] INFO  testCases.TC_001_ApplicationLogin - Enter the Username and Password
2023-09-22 14:49:45.277 [main] INFO  testCases.TC_001_ApplicationLogin - -----------------Verified the 'FHR NextGen'  title of the Page---------------
2023-09-22 14:49:45.327 [main] INFO  testBase.BaseClass - Click CCN DropDown
2023-09-22 14:53:22.240 [main] INFO  testCases.TC_001_ApplicationLogin - Enter the Username and Password
2023-09-22 14:53:39.548 [main] INFO  testCases.TC_001_ApplicationLogin - -----------------Verified the 'FHR NextGen'  title of the Page---------------
2023-09-22 14:53:39.594 [main] INFO  testBase.BaseClass - Click CCN DropDown
2023-09-22 15:06:22.581 [main] INFO  testCases.TC_001_ApplicationLogin - Enter the Username and Password
2023-09-22 15:06:40.730 [main] INFO  testCases.TC_001_ApplicationLogin - -----------------Verified the 'FHR NextGen'  title of the Page---------------
2023-09-22 15:06:40.792 [main] INFO  testBase.BaseClass - Click CCN DropDown
2023-09-22 15:11:01.128 [main] INFO  testCases.TC_001_ApplicationLogin - Enter the Username and Password
2023-09-22 15:11:19.267 [main] INFO  testCases.TC_001_ApplicationLogin - -----------------Verified the 'FHR NextGen'  title of the Page---------------
2023-09-22 15:11:19.337 [main] INFO  testBase.BaseClass - Click CCN DropDown
2023-09-22 15:17:10.966 [main] INFO  testCases.TC_001_ApplicationLogin - Enter the Username and Password
2023-09-22 15:17:28.803 [main] INFO  testCases.TC_001_ApplicationLogin - -----------------Verified the 'FHR NextGen'  title of the Page---------------
2023-09-22 15:17:28.849 [main] INFO  testBase.BaseClass - Click CCN DropDown
2023-09-22 17:03:05.039 [main] INFO  testCases.TC_001_ApplicationLogin - Enter the Username and Password
2023-09-22 17:03:28.471 [main] INFO  testCases.TC_001_ApplicationLogin - -----------------Verified the 'FHR NextGen'  title of the Page---------------
2023-09-22 17:03:28.554 [main] INFO  testBase.BaseClass - Click CCN DropDown
2023-09-22 17:05:27.157 [main] INFO  testCases.TC_001_ApplicationLogin - Enter the Username and Password
2023-09-22 17:05:45.296 [main] INFO  testCases.TC_001_ApplicationLogin - -----------------Verified the 'FHR NextGen'  title of the Page---------------
2023-09-22 17:05:45.339 [main] INFO  testBase.BaseClass - Click CCN DropDown
2023-09-22 17:07:02.032 [main] INFO  testCases.TC_001_ApplicationLogin - Enter the Username and Password
2023-09-22 17:07:20.387 [main] INFO  testCases.TC_001_ApplicationLogin - -----------------Verified the 'FHR NextGen'  title of the Page---------------
2023-09-22 17:07:20.450 [main] INFO  testBase.BaseClass - Click CCN DropDown
2023-09-22 17:10:55.297 [main] INFO  testCases.TC_001_ApplicationLogin - Enter the Username and Password
2023-09-22 17:11:13.819 [main] INFO  testCases.TC_001_ApplicationLogin - -----------------Verified the 'FHR NextGen'  title of the Page---------------
2023-09-22 17:11:14.030 [main] INFO  testBase.BaseClass - Click CCN DropDown
2023-09-22 17:12:46.293 [main] INFO  testCases.TC_001_ApplicationLogin - Enter the Username and Password
2023-09-22 17:13:03.247 [main] INFO  testCases.TC_001_ApplicationLogin - -----------------Verified the 'FHR NextGen'  title of the Page---------------
2023-09-22 17:13:03.292 [main] INFO  testBase.BaseClass - Click CCN DropDown
2023-09-22 17:19:12.141 [main] INFO  testCases.TC_001_ApplicationLogin - Enter the Username and Password
2023-09-22 17:19:30.456 [main] INFO  testBase.BaseClass - Click CCN DropDown
2023-09-22 17:20:12.926 [main] INFO  testCases.TC_001_ApplicationLogin - Enter the Username and Password
2023-09-22 17:20:30.979 [main] INFO  testCases.TC_001_ApplicationLogin - -----------------Verified the 'FHR NextGen'  title of the Page---------------
2023-09-22 17:20:31.011 [main] INFO  testBase.BaseClass - Click CCN DropDown
2023-09-22 18:43:23.218 [main] INFO  testCases.TC_001_ApplicationLogin - Enter the Username and Password
2023-09-22 18:43:46.246 [main] INFO  testCases.TC_001_ApplicationLogin - -----------------Verified the 'FHR NextGen'  title of the Page---------------
2023-09-22 18:43:46.317 [main] INFO  testBase.BaseClass - Click CCN DropDown
2023-09-22 18:50:40.694 [main] INFO  testCases.TC_001_ApplicationLogin - Enter the Username and Password
2023-09-22 18:51:08.546 [main] INFO  testCases.TC_001_ApplicationLogin - -----------------Verified the 'FHR NextGen'  title of the Page---------------
2023-09-22 18:51:08.615 [main] INFO  testBase.BaseClass - Click CCN DropDown
2023-09-22 18:54:12.741 [main] INFO  testCases.TC_001_ApplicationLogin - Enter the Username and Password
2023-09-22 18:54:31.595 [main] INFO  testBase.BaseClass - Click CCN DropDown
2023-09-22 18:55:13.993 [main] INFO  testCases.TC_001_ApplicationLogin - Enter the Username and Password
2023-09-22 18:55:31.659 [main] INFO  testCases.TC_001_ApplicationLogin - -----------------Verified the 'FHR NextGen'  title of the Page---------------
2023-09-22 18:55:31.740 [main] INFO  testBase.BaseClass - Click CCN DropDown
2023-09-22 18:58:01.441 [main] INFO  testCases.TC_001_ApplicationLogin - Enter the Username and Password
2023-09-22 18:58:18.551 [main] INFO  testCases.TC_001_ApplicationLogin - -----------------Verified the 'FHR NextGen'  title of the Page---------------
2023-09-22 18:58:18.629 [main] INFO  testBase.BaseClass - Click CCN DropDown
2023-09-25 14:13:09.953 [main] INFO  testCases.TC_001_ApplicationLogin - Enter the Username and Password
2023-09-25 14:13:27.748 [main] INFO  testCases.TC_001_ApplicationLogin - -----------------Verified the 'FHR NextGen'  title of the Page---------------
2023-09-25 14:13:27.834 [main] INFO  testBase.BaseClass - Click CCN DropDown
2023-09-25 14:31:04.142 [main] INFO  testCases.TC_001_ApplicationLogin - Enter the Username and Password
2023-09-25 14:31:22.377 [main] INFO  testCases.TC_001_ApplicationLogin - -----------------Verified the 'FHR NextGen'  title of the Page---------------
2023-09-25 14:31:22.464 [main] INFO  testBase.BaseClass - Click CCN DropDown
2023-09-25 14:38:14.133 [main] INFO  testCases.TC_001_ApplicationLogin - Enter the Username and Password
2023-09-25 14:38:32.406 [main] INFO  testCases.TC_001_ApplicationLogin - -----------------Verified the 'FHR NextGen'  title of the Page---------------
2023-09-25 14:38:32.490 [main] INFO  testBase.BaseClass - Click CCN DropDown
2023-10-06 13:16:22.905 [main] INFO  testCases.TC_001_ApplicationLogin - Enter the Username and Password
2023-10-06 13:16:41.386 [main] INFO  testCases.TC_001_ApplicationLogin - -----------------Verified the 'FHR NextGen'  title of the Page---------------
2023-10-06 13:16:41.430 [main] INFO  testBase.BaseClass - Click CCN DropDown
2023-10-10 19:09:21.087 [main] INFO  testCases.TC_001_ApplicationLogin - Enter the Username and Password
2023-10-10 19:09:39.826 [main] INFO  testCases.TC_001_ApplicationLogin - -----------------Verified the 'FHR NextGen'  title of the Page---------------
2023-10-10 19:09:39.870 [main] INFO  testBase.BaseClass - Click CCN DropDown
2023-10-10 19:13:37.119 [main] INFO  testCases.TC_001_ApplicationLogin - Enter the Username and Password
2023-10-10 19:13:57.098 [main] INFO  testCases.TC_001_ApplicationLogin - -----------------Verified the 'FHR NextGen'  title of the Page---------------
2023-10-10 19:13:57.139 [main] INFO  testBase.BaseClass - Click CCN DropDown
